app/build/intermediates/manifest_merge_blame_file/debug/manifest-merger-blame-debug-report.txt
1<?xml version="1.0" encoding="utf-8"?>
2<manifest xmlns:android="http://schemas.android.com/apk/res/android"
3    package="com.example.myfoe"
4    android:versionCode="1"
5    android:versionName="1.0" >
6
7    <uses-sdk
8        android:minSdkVersion="23"
8-->src/main/AndroidManifest.xml
9        android:targetSdkVersion="32" />
9-->src/main/AndroidManifest.xml
10
11    <!-- Although the *SdkVersion is captured in gradle build files, this is required for non gradle builds -->
12    <!-- <uses-sdk android:minSdkVersion="14" /> -->
13    <uses-permission android:name="android.permission.ACCESS_NETWORK_STATE" />
13-->[com.google.firebase:firebase-firestore:24.0.2] AndroidManifest.xml:13:5-79
13-->[com.google.firebase:firebase-firestore:24.0.2] AndroidManifest.xml:13:22-76
14    <uses-permission android:name="android.permission.INTERNET" />
14-->[com.google.firebase:firebase-firestore:24.0.2] AndroidManifest.xml:14:5-67
14-->[com.google.firebase:firebase-firestore:24.0.2] AndroidManifest.xml:14:22-64
15
16    <application
16-->src/main/AndroidManifest.xml:5:5-158:19
17        android:allowBackup="true"
17-->src/main/AndroidManifest.xml:6:9-35
18        android:appComponentFactory="androidx.core.app.CoreComponentFactory"
18-->[androidx.core:core:1.8.0] AndroidManifest.xml:24:18-86
19        android:dataExtractionRules="@xml/data_extraction_rules"
19-->src/main/AndroidManifest.xml:7:9-65
20        android:debuggable="true"
21        android:extractNativeLibs="false"
22        android:fullBackupContent="@xml/backup_rules"
22-->src/main/AndroidManifest.xml:8:9-54
23        android:icon="@mipmap/img"
23-->src/main/AndroidManifest.xml:9:9-35
24        android:label="@string/app_name"
24-->src/main/AndroidManifest.xml:10:9-41
25        android:roundIcon="@mipmap/img"
25-->src/main/AndroidManifest.xml:11:9-40
26        android:supportsRtl="true"
26-->src/main/AndroidManifest.xml:12:9-35
27        android:testOnly="true"
28        android:theme="@style/Theme.MyFoE" >
28-->src/main/AndroidManifest.xml:13:9-43
29        <activity
29-->src/main/AndroidManifest.xml:15:9-21:20
30            android:name="com.example.myfoe.Laboratory"
30-->src/main/AndroidManifest.xml:16:13-39
31            android:exported="false" >
31-->src/main/AndroidManifest.xml:17:13-37
32            <meta-data
32-->src/main/AndroidManifest.xml:18:13-20:36
33                android:name="android.app.lib_name"
33-->src/main/AndroidManifest.xml:19:17-52
34                android:value="" />
34-->src/main/AndroidManifest.xml:20:17-33
35        </activity>
36        <activity
36-->src/main/AndroidManifest.xml:22:9-28:20
37            android:name="com.example.myfoe.AddNews"
37-->src/main/AndroidManifest.xml:23:13-36
38            android:exported="false" >
38-->src/main/AndroidManifest.xml:24:13-37
39            <meta-data
39-->src/main/AndroidManifest.xml:18:13-20:36
40                android:name="android.app.lib_name"
40-->src/main/AndroidManifest.xml:19:17-52
41                android:value="" />
41-->src/main/AndroidManifest.xml:20:17-33
42        </activity>
43        <activity
43-->src/main/AndroidManifest.xml:29:9-35:20
44            android:name="com.example.myfoe.News"
44-->src/main/AndroidManifest.xml:30:13-33
45            android:exported="false" >
45-->src/main/AndroidManifest.xml:31:13-37
46            <meta-data
46-->src/main/AndroidManifest.xml:18:13-20:36
47                android:name="android.app.lib_name"
47-->src/main/AndroidManifest.xml:19:17-52
48                android:value="" />
48-->src/main/AndroidManifest.xml:20:17-33
49        </activity>
50        <activity
50-->src/main/AndroidManifest.xml:36:9-42:20
51            android:name="com.example.myfoe.MemberProfile"
51-->src/main/AndroidManifest.xml:37:13-42
52            android:exported="false" >
52-->src/main/AndroidManifest.xml:38:13-37
53            <meta-data
53-->src/main/AndroidManifest.xml:18:13-20:36
54                android:name="android.app.lib_name"
54-->src/main/AndroidManifest.xml:19:17-52
55                android:value="" />
55-->src/main/AndroidManifest.xml:20:17-33
56        </activity>
57        <activity
57-->src/main/AndroidManifest.xml:43:9-49:20
58            android:name="com.example.myfoe.HomeAdmin"
58-->src/main/AndroidManifest.xml:44:13-38
59            android:exported="false" >
59-->src/main/AndroidManifest.xml:45:13-37
60            <meta-data
60-->src/main/AndroidManifest.xml:18:13-20:36
61                android:name="android.app.lib_name"
61-->src/main/AndroidManifest.xml:19:17-52
62                android:value="" />
62-->src/main/AndroidManifest.xml:20:17-33
63        </activity>
64        <activity
64-->src/main/AndroidManifest.xml:50:9-56:20
65            android:name="com.example.myfoe.Hotlines"
65-->src/main/AndroidManifest.xml:51:13-37
66            android:exported="false" >
66-->src/main/AndroidManifest.xml:52:13-37
67            <meta-data
67-->src/main/AndroidManifest.xml:18:13-20:36
68                android:name="android.app.lib_name"
68-->src/main/AndroidManifest.xml:19:17-52
69                android:value="" />
69-->src/main/AndroidManifest.xml:20:17-33
70        </activity>
71        <activity
71-->src/main/AndroidManifest.xml:57:9-63:20
72            android:name="com.example.myfoe.Prof28"
72-->src/main/AndroidManifest.xml:58:13-35
73            android:exported="false" >
73-->src/main/AndroidManifest.xml:59:13-37
74            <meta-data
74-->src/main/AndroidManifest.xml:18:13-20:36
75                android:name="android.app.lib_name"
75-->src/main/AndroidManifest.xml:19:17-52
76                android:value="" />
76-->src/main/AndroidManifest.xml:20:17-33
77        </activity>
78        <activity
78-->src/main/AndroidManifest.xml:64:9-70:20
79            android:name="com.example.myfoe.Profile"
79-->src/main/AndroidManifest.xml:65:13-36
80            android:exported="false" >
80-->src/main/AndroidManifest.xml:66:13-37
81            <meta-data
81-->src/main/AndroidManifest.xml:18:13-20:36
82                android:name="android.app.lib_name"
82-->src/main/AndroidManifest.xml:19:17-52
83                android:value="" />
83-->src/main/AndroidManifest.xml:20:17-33
84        </activity>
85        <activity
85-->src/main/AndroidManifest.xml:71:9-77:20
86            android:name="com.example.myfoe.Lecturers"
86-->src/main/AndroidManifest.xml:72:13-38
87            android:exported="false" >
87-->src/main/AndroidManifest.xml:73:13-37
88            <meta-data
88-->src/main/AndroidManifest.xml:18:13-20:36
89                android:name="android.app.lib_name"
89-->src/main/AndroidManifest.xml:19:17-52
90                android:value="" />
90-->src/main/AndroidManifest.xml:20:17-33
91        </activity>
92        <activity
92-->src/main/AndroidManifest.xml:78:9-84:20
93            android:name="com.example.myfoe.SeniorLec"
93-->src/main/AndroidManifest.xml:79:13-38
94            android:exported="false" >
94-->src/main/AndroidManifest.xml:80:13-37
95            <meta-data
95-->src/main/AndroidManifest.xml:18:13-20:36
96                android:name="android.app.lib_name"
96-->src/main/AndroidManifest.xml:19:17-52
97                android:value="" />
97-->src/main/AndroidManifest.xml:20:17-33
98        </activity>
99        <activity
99-->src/main/AndroidManifest.xml:85:9-91:20
100            android:name="com.example.myfoe.Professors"
100-->src/main/AndroidManifest.xml:86:13-39
101            android:exported="false" >
101-->src/main/AndroidManifest.xml:87:13-37
102            <meta-data
102-->src/main/AndroidManifest.xml:18:13-20:36
103                android:name="android.app.lib_name"
103-->src/main/AndroidManifest.xml:19:17-52
104                android:value="" />
104-->src/main/AndroidManifest.xml:20:17-33
105        </activity>
106        <activity
106-->src/main/AndroidManifest.xml:92:9-98:20
107            android:name="com.example.myfoe.Administration"
107-->src/main/AndroidManifest.xml:93:13-43
108            android:exported="false" >
108-->src/main/AndroidManifest.xml:94:13-37
109            <meta-data
109-->src/main/AndroidManifest.xml:18:13-20:36
110                android:name="android.app.lib_name"
110-->src/main/AndroidManifest.xml:19:17-52
111                android:value="" />
111-->src/main/AndroidManifest.xml:20:17-33
112        </activity>
113        <activity
113-->src/main/AndroidManifest.xml:99:9-105:20
114            android:name="com.example.myfoe.Staff"
114-->src/main/AndroidManifest.xml:100:13-34
115            android:exported="false" >
115-->src/main/AndroidManifest.xml:101:13-37
116            <meta-data
116-->src/main/AndroidManifest.xml:18:13-20:36
117                android:name="android.app.lib_name"
117-->src/main/AndroidManifest.xml:19:17-52
118                android:value="" />
118-->src/main/AndroidManifest.xml:20:17-33
119        </activity>
120        <activity
120-->src/main/AndroidManifest.xml:106:9-112:20
121            android:name="com.example.myfoe.FloorPlan"
121-->src/main/AndroidManifest.xml:107:13-38
122            android:exported="false" >
122-->src/main/AndroidManifest.xml:108:13-37
123            <meta-data
123-->src/main/AndroidManifest.xml:18:13-20:36
124                android:name="android.app.lib_name"
124-->src/main/AndroidManifest.xml:19:17-52
125                android:value="" />
125-->src/main/AndroidManifest.xml:20:17-33
126        </activity>
127        <activity
127-->src/main/AndroidManifest.xml:113:9-119:20
128            android:name="com.example.myfoe.HomeActivity"
128-->src/main/AndroidManifest.xml:114:13-41
129            android:exported="false" >
129-->src/main/AndroidManifest.xml:115:13-37
130            <meta-data
130-->src/main/AndroidManifest.xml:18:13-20:36
131                android:name="android.app.lib_name"
131-->src/main/AndroidManifest.xml:19:17-52
132                android:value="" />
132-->src/main/AndroidManifest.xml:20:17-33
133        </activity>
134        <activity
134-->src/main/AndroidManifest.xml:120:9-126:20
135            android:name="com.example.myfoe.RegisterNow"
135-->src/main/AndroidManifest.xml:121:13-40
136            android:exported="false" >
136-->src/main/AndroidManifest.xml:122:13-37
137            <meta-data
137-->src/main/AndroidManifest.xml:18:13-20:36
138                android:name="android.app.lib_name"
138-->src/main/AndroidManifest.xml:19:17-52
139                android:value="" />
139-->src/main/AndroidManifest.xml:20:17-33
140        </activity>
141        <activity
141-->src/main/AndroidManifest.xml:127:9-133:20
142            android:name="com.example.myfoe.AdminSignIn"
142-->src/main/AndroidManifest.xml:128:13-40
143            android:exported="false" >
143-->src/main/AndroidManifest.xml:129:13-37
144            <meta-data
144-->src/main/AndroidManifest.xml:18:13-20:36
145                android:name="android.app.lib_name"
145-->src/main/AndroidManifest.xml:19:17-52
146                android:value="" />
146-->src/main/AndroidManifest.xml:20:17-33
147        </activity>
148        <activity
148-->src/main/AndroidManifest.xml:134:9-140:20
149            android:name="com.example.myfoe.MemberSignIn"
149-->src/main/AndroidManifest.xml:135:13-41
150            android:exported="false" >
150-->src/main/AndroidManifest.xml:136:13-37
151            <meta-data
151-->src/main/AndroidManifest.xml:18:13-20:36
152                android:name="android.app.lib_name"
152-->src/main/AndroidManifest.xml:19:17-52
153                android:value="" />
153-->src/main/AndroidManifest.xml:20:17-33
154        </activity>
155        <activity
155-->src/main/AndroidManifest.xml:141:9-153:20
156            android:name="com.example.myfoe.MainActivity"
156-->src/main/AndroidManifest.xml:142:13-41
157            android:exported="true" >
157-->src/main/AndroidManifest.xml:143:13-36
158            <intent-filter>
158-->src/main/AndroidManifest.xml:144:13-148:29
159                <action android:name="android.intent.action.MAIN" />
159-->src/main/AndroidManifest.xml:145:17-69
159-->src/main/AndroidManifest.xml:145:25-66
160
161                <category android:name="android.intent.category.LAUNCHER" />
161-->src/main/AndroidManifest.xml:147:17-77
161-->src/main/AndroidManifest.xml:147:27-74
162            </intent-filter>
163
164            <meta-data
164-->src/main/AndroidManifest.xml:18:13-20:36
165                android:name="android.app.lib_name"
165-->src/main/AndroidManifest.xml:19:17-52
166                android:value="" />
166-->src/main/AndroidManifest.xml:20:17-33
167        </activity>
168
169        <meta-data
169-->src/main/AndroidManifest.xml:155:9-157:57
170            android:name="preloaded_fonts"
170-->src/main/AndroidManifest.xml:156:13-43
171            android:resource="@array/preloaded_fonts" />
171-->src/main/AndroidManifest.xml:157:13-54
172
173        <service
173-->[com.google.firebase:firebase-firestore:24.0.2] AndroidManifest.xml:17:9-23:19
174            android:name="com.google.firebase.components.ComponentDiscoveryService"
174-->[com.google.firebase:firebase-firestore:24.0.2] AndroidManifest.xml:18:13-84
175            android:directBootAware="true"
175-->[com.google.firebase:firebase-common:20.2.0] AndroidManifest.xml:34:13-43
176            android:exported="false" >
176-->[com.google.firebase:firebase-firestore:24.0.2] AndroidManifest.xml:19:13-37
177            <meta-data
177-->[com.google.firebase:firebase-firestore:24.0.2] AndroidManifest.xml:20:13-22:85
178                android:name="com.google.firebase.components:com.google.firebase.firestore.FirestoreRegistrar"
178-->[com.google.firebase:firebase-firestore:24.0.2] AndroidManifest.xml:21:17-111
179                android:value="com.google.firebase.components.ComponentRegistrar" />
179-->[com.google.firebase:firebase-firestore:24.0.2] AndroidManifest.xml:22:17-82
180            <meta-data
180-->[com.google.firebase:firebase-storage:20.1.0] AndroidManifest.xml:32:13-34:85
181                android:name="com.google.firebase.components:com.google.firebase.storage.StorageRegistrar"
181-->[com.google.firebase:firebase-storage:20.1.0] AndroidManifest.xml:33:17-107
182                android:value="com.google.firebase.components.ComponentRegistrar" />
182-->[com.google.firebase:firebase-storage:20.1.0] AndroidManifest.xml:34:17-82
183            <meta-data
183-->[com.google.firebase:firebase-auth:21.0.2] AndroidManifest.xml:67:13-69:85
184                android:name="com.google.firebase.components:com.google.firebase.auth.FirebaseAuthRegistrar"
184-->[com.google.firebase:firebase-auth:21.0.2] AndroidManifest.xml:68:17-109
185                android:value="com.google.firebase.components.ComponentRegistrar" />
185-->[com.google.firebase:firebase-auth:21.0.2] AndroidManifest.xml:69:17-82
186        </service>
187
188        <activity
188-->[com.google.firebase:firebase-auth:21.0.2] AndroidManifest.xml:27:9-44:20
189            android:name="com.google.firebase.auth.internal.GenericIdpActivity"
189-->[com.google.firebase:firebase-auth:21.0.2] AndroidManifest.xml:28:13-80
190            android:excludeFromRecents="true"
190-->[com.google.firebase:firebase-auth:21.0.2] AndroidManifest.xml:29:13-46
191            android:exported="true"
191-->[com.google.firebase:firebase-auth:21.0.2] AndroidManifest.xml:30:13-36
192            android:launchMode="singleTask"
192-->[com.google.firebase:firebase-auth:21.0.2] AndroidManifest.xml:31:13-44
193            android:theme="@android:style/Theme.Translucent.NoTitleBar" >
193-->[com.google.firebase:firebase-auth:21.0.2] AndroidManifest.xml:32:13-72
194            <intent-filter>
194-->[com.google.firebase:firebase-auth:21.0.2] AndroidManifest.xml:33:13-43:29
195                <action android:name="android.intent.action.VIEW" />
195-->[com.google.firebase:firebase-auth:21.0.2] AndroidManifest.xml:34:17-69
195-->[com.google.firebase:firebase-auth:21.0.2] AndroidManifest.xml:34:25-66
196
197                <category android:name="android.intent.category.DEFAULT" />
197-->[com.google.firebase:firebase-auth:21.0.2] AndroidManifest.xml:36:17-76
197-->[com.google.firebase:firebase-auth:21.0.2] AndroidManifest.xml:36:27-73
198                <category android:name="android.intent.category.BROWSABLE" />
198-->[com.google.firebase:firebase-auth:21.0.2] AndroidManifest.xml:37:17-78
198-->[com.google.firebase:firebase-auth:21.0.2] AndroidManifest.xml:37:27-75
199
200                <data
200-->[com.google.firebase:firebase-auth:21.0.2] AndroidManifest.xml:39:17-42:51
201                    android:host="firebase.auth"
201-->[com.google.firebase:firebase-auth:21.0.2] AndroidManifest.xml:40:21-49
202                    android:path="/"
202-->[com.google.firebase:firebase-auth:21.0.2] AndroidManifest.xml:41:21-37
203                    android:scheme="genericidp" />
203-->[com.google.firebase:firebase-auth:21.0.2] AndroidManifest.xml:42:21-48
204            </intent-filter>
205        </activity>
206        <activity
206-->[com.google.firebase:firebase-auth:21.0.2] AndroidManifest.xml:45:9-62:20
207            android:name="com.google.firebase.auth.internal.RecaptchaActivity"
207-->[com.google.firebase:firebase-auth:21.0.2] AndroidManifest.xml:46:13-79
208            android:excludeFromRecents="true"
208-->[com.google.firebase:firebase-auth:21.0.2] AndroidManifest.xml:47:13-46
209            android:exported="true"
209-->[com.google.firebase:firebase-auth:21.0.2] AndroidManifest.xml:48:13-36
210            android:launchMode="singleTask"
210-->[com.google.firebase:firebase-auth:21.0.2] AndroidManifest.xml:49:13-44
211            android:theme="@android:style/Theme.Translucent.NoTitleBar" >
211-->[com.google.firebase:firebase-auth:21.0.2] AndroidManifest.xml:50:13-72
212            <intent-filter>
212-->[com.google.firebase:firebase-auth:21.0.2] AndroidManifest.xml:51:13-61:29
213                <action android:name="android.intent.action.VIEW" />
213-->[com.google.firebase:firebase-auth:21.0.2] AndroidManifest.xml:34:17-69
213-->[com.google.firebase:firebase-auth:21.0.2] AndroidManifest.xml:34:25-66
214
215                <category android:name="android.intent.category.DEFAULT" />
215-->[com.google.firebase:firebase-auth:21.0.2] AndroidManifest.xml:36:17-76
215-->[com.google.firebase:firebase-auth:21.0.2] AndroidManifest.xml:36:27-73
216                <category android:name="android.intent.category.BROWSABLE" />
216-->[com.google.firebase:firebase-auth:21.0.2] AndroidManifest.xml:37:17-78
216-->[com.google.firebase:firebase-auth:21.0.2] AndroidManifest.xml:37:27-75
217
218                <data
218-->[com.google.firebase:firebase-auth:21.0.2] AndroidManifest.xml:39:17-42:51
219                    android:host="firebase.auth"
219-->[com.google.firebase:firebase-auth:21.0.2] AndroidManifest.xml:40:21-49
220                    android:path="/"
220-->[com.google.firebase:firebase-auth:21.0.2] AndroidManifest.xml:41:21-37
221                    android:scheme="recaptcha" />
221-->[com.google.firebase:firebase-auth:21.0.2] AndroidManifest.xml:42:21-48
222            </intent-filter>
223        </activity>
224        <activity
224-->[com.google.android.gms:play-services-base:18.0.1] AndroidManifest.xml:20:9-22:45
225            android:name="com.google.android.gms.common.api.GoogleApiActivity"
225-->[com.google.android.gms:play-services-base:18.0.1] AndroidManifest.xml:20:19-85
226            android:exported="false"
226-->[com.google.android.gms:play-services-base:18.0.1] AndroidManifest.xml:22:19-43
227            android:theme="@android:style/Theme.Translucent.NoTitleBar" />
227-->[com.google.android.gms:play-services-base:18.0.1] AndroidManifest.xml:21:19-78
228
229        <provider
229-->[com.google.firebase:firebase-common:20.2.0] AndroidManifest.xml:25:9-30:39
230            android:name="com.google.firebase.provider.FirebaseInitProvider"
230-->[com.google.firebase:firebase-common:20.2.0] AndroidManifest.xml:26:13-77
231            android:authorities="com.example.myfoe.firebaseinitprovider"
231-->[com.google.firebase:firebase-common:20.2.0] AndroidManifest.xml:27:13-72
232            android:directBootAware="true"
232-->[com.google.firebase:firebase-common:20.2.0] AndroidManifest.xml:28:13-43
233            android:exported="false"
233-->[com.google.firebase:firebase-common:20.2.0] AndroidManifest.xml:29:13-37
234            android:initOrder="100" />
234-->[com.google.firebase:firebase-common:20.2.0] AndroidManifest.xml:30:13-36
235
236        <meta-data
236-->[com.google.android.gms:play-services-basement:18.1.0] AndroidManifest.xml:21:9-23:69
237            android:name="com.google.android.gms.version"
237-->[com.google.android.gms:play-services-basement:18.1.0] AndroidManifest.xml:22:13-58
238            android:value="@integer/google_play_services_version" />
238-->[com.google.android.gms:play-services-basement:18.1.0] AndroidManifest.xml:23:13-66
239
240        <provider
240-->[androidx.emoji2:emoji2:1.2.0] AndroidManifest.xml:24:9-32:20
241            android:name="androidx.startup.InitializationProvider"
241-->[androidx.emoji2:emoji2:1.2.0] AndroidManifest.xml:25:13-67
242            android:authorities="com.example.myfoe.androidx-startup"
242-->[androidx.emoji2:emoji2:1.2.0] AndroidManifest.xml:26:13-68
243            android:exported="false" >
243-->[androidx.emoji2:emoji2:1.2.0] AndroidManifest.xml:27:13-37
244            <meta-data
244-->[androidx.emoji2:emoji2:1.2.0] AndroidManifest.xml:29:13-31:52
245                android:name="androidx.emoji2.text.EmojiCompatInitializer"
245-->[androidx.emoji2:emoji2:1.2.0] AndroidManifest.xml:30:17-75
246                android:value="androidx.startup" />
246-->[androidx.emoji2:emoji2:1.2.0] AndroidManifest.xml:31:17-49
247            <meta-data
247-->[androidx.lifecycle:lifecycle-process:2.4.1] AndroidManifest.xml:31:13-33:52
248                android:name="androidx.lifecycle.ProcessLifecycleInitializer"
248-->[androidx.lifecycle:lifecycle-process:2.4.1] AndroidManifest.xml:32:17-78
249                android:value="androidx.startup" />
249-->[androidx.lifecycle:lifecycle-process:2.4.1] AndroidManifest.xml:33:17-49
250        </provider>
251    </application>
252
253</manifest>